NOTE:  This version of the software is not a production release. No warranty is made as to the general availability of features and functionality included in this version or described in the accompanying documentation. The final contents of a production release and its timing remain at the sole discretion of Synopsys.

Starting:    D:\astudy\FPGA_ziguang\PDS_2019.1-patch10\syn\bin64\mbin\synbatch.exe
Install:     D:\astudy\FPGA_ziguang\PDS_2019.1-patch10\syn
Hostname:    LAPTOP-8L16VFIA
Date:        Sun Nov 24 22:25:51 2019
Version:     P-2019.03P-Beta2

Arguments:   -product synplify_pro -licensetype synplifypro_pango -batch C:/Users/Dande/Desktop/13_ddr3_ov5640_hdmi/synthesize/synplify_pro.prj -tclcmd project -run synthesis
ProductType: synplify_pro



Running in Vendor Mode

auto_infer_blackbox is not supported in current product.
log file: "C:\Users\Dande\Desktop\13_ddr3_ov5640_hdmi\synthesize\synplify_impl\synplify.srr"
Running: synplify_impl in foreground

Running synplify_pro|synplify_impl

Running Flow: compile (Compile) on synplify_pro|synplify_impl
# Sun Nov 24 22:25:51 2019

Running Flow: compile_flow (Compile Process) on synplify_pro|synplify_impl
# Sun Nov 24 22:25:51 2019

Running: compiler (Compile Input) on synplify_pro|synplify_impl
# Sun Nov 24 22:25:51 2019
Copied C:\Users\Dande\Desktop\13_ddr3_ov5640_hdmi\synthesize\synplify_impl\synwork\synplify_comp.srs to C:\Users\Dande\Desktop\13_ddr3_ov5640_hdmi\synthesize\synplify_impl\synplify.srs

compiler completed
# Sun Nov 24 22:26:15 2019

Return Code: 0
Run Time:00h:00m:24s

Running: multi_srs_gen (Multi-srs Generator) on synplify_pro|synplify_impl
# Sun Nov 24 22:26:15 2019

multi_srs_gen completed
# Sun Nov 24 22:26:16 2019

Return Code: 0
Run Time:00h:00m:01s
Copied C:\Users\Dande\Desktop\13_ddr3_ov5640_hdmi\synthesize\synplify_impl\synwork\synplify_mult.srs to C:\Users\Dande\Desktop\13_ddr3_ov5640_hdmi\synthesize\synplify_impl\synplify.srs
Copied C:\Users\Dande\Desktop\13_ddr3_ov5640_hdmi\synthesize\synplify_impl\synplify.srr to C:\Users\Dande\Desktop\13_ddr3_ov5640_hdmi\synthesize\synplify.log
Complete: Compile Process on synplify_pro|synplify_impl

Running: premap (Premap) on synplify_pro|synplify_impl
# Sun Nov 24 22:26:16 2019

premap completed with warnings
# Sun Nov 24 22:26:22 2019

Return Code: 1
Run Time:00h:00m:06s
Complete: Compile on synplify_pro|synplify_impl

Running Flow: map (Map) on synplify_pro|synplify_impl
# Sun Nov 24 22:26:22 2019

Running: fpga_mapper (Map & Optimize) on synplify_pro|synplify_impl
# Sun Nov 24 22:26:22 2019
Copied C:\Users\Dande\Desktop\13_ddr3_ov5640_hdmi\synthesize\synplify_impl\synwork\synplify_m.srm to C:\Users\Dande\Desktop\13_ddr3_ov5640_hdmi\synthesize\synplify_impl\synplify.srm

fpga_mapper completed with warnings
# Sun Nov 24 22:27:41 2019

Return Code: 1
Run Time:00h:01m:19s
Complete: Map on synplify_pro|synplify_impl
Copied C:\Users\Dande\Desktop\13_ddr3_ov5640_hdmi\synthesize\synplify_impl\synplify.srr to C:\Users\Dande\Desktop\13_ddr3_ov5640_hdmi\synthesize\synplify.log
Complete: Logic Synthesis on synplify_pro|synplify_impl
Running TCL Command: "project -run synthesis"
exit status=0
exit status=0
License checkin: synplifypro_pango
