D:\astudy\FPGA_ziguang\PDS_2019.1-patch10\syn\bin64\c_hdl.exe  -osyn  C:\Users\Dande\Desktop\13_ddr3_ov5640_hdmi\synthesize\synplify_impl\synwork\synplify_comp.srs  -top  top  -hdllog  C:\Users\Dande\Desktop\13_ddr3_ov5640_hdmi\synthesize\synplify_impl\synlog\synplify_compiler.srr  -encrypt  -mp  1  -verification_mode 0  -verilog  -prodtype  synplify_pro  -primux -fixsmult -sdff_counter -dspmac -nram -divnmod -nostructver   -I C:\Users\Dande\Desktop\13_ddr3_ov5640_hdmi  -I C:\Users\Dande\Desktop\13_ddr3_ov5640_hdmi\synthesize\  -I D:\astudy\FPGA_ziguang\PDS_2019.1-patch10\syn\lib   -v2001  -devicelib  D:\astudy\FPGA_ziguang\PDS_2019.1-patch10\syn\lib\generic\logos.v  -encrypt  -pro  -dmgen  C:\Users\Dande\Desktop\13_ddr3_ov5640_hdmi\synthesize\synplify_impl\dm  -ui -fid2 -ram -sharing on -ll 2000 -autosm  -D_MULTIPLE_FILE_COMPILATION_UNIT_  -lib work C:\Users\Dande\Desktop\13_ddr3_ov5640_hdmi\source\i2c_master\i2c_config.v -lib work C:\Users\Dande\Desktop\13_ddr3_ov5640_hdmi\source\i2c_master\i2c_master_bit_ctrl.v -lib work C:\Users\Dande\Desktop\13_ddr3_ov5640_hdmi\source\i2c_master\i2c_master_byte_ctrl.v -lib work C:\Users\Dande\Desktop\13_ddr3_ov5640_hdmi\source\i2c_master\i2c_master_top.v -lib work C:\Users\Dande\Desktop\13_ddr3_ov5640_hdmi\source\sources_1\cmos_8_16bit.v -lib work C:\Users\Dande\Desktop\13_ddr3_ov5640_hdmi\source\sources_1\cmos_write_req_gen.v -lib work C:\Users\Dande\Desktop\13_ddr3_ov5640_hdmi\source\sources_1\lut_ov5640_rgb565_1024_768.v -lib work C:\Users\Dande\Desktop\13_ddr3_ov5640_hdmi\source\sources_1\top.v -lib work C:\Users\Dande\Desktop\13_ddr3_ov5640_hdmi\source\dvi_tx\dvi_encoder.v -lib work C:\Users\Dande\Desktop\13_ddr3_ov5640_hdmi\source\dvi_tx\encode.v -lib work C:\Users\Dande\Desktop\13_ddr3_ov5640_hdmi\source\dvi_tx\serdes_4b_10to1.v -lib work C:\Users\Dande\Desktop\13_ddr3_ov5640_hdmi\source\sources_1\aq_axi_master.v -lib work C:\Users\Dande\Desktop\13_ddr3_ov5640_hdmi\source\sources_1\color_bar.v -lib work C:\Users\Dande\Desktop\13_ddr3_ov5640_hdmi\source\sources_1\frame_fifo_read.v -lib work C:\Users\Dande\Desktop\13_ddr3_ov5640_hdmi\source\sources_1\frame_fifo_write.v -lib work C:\Users\Dande\Desktop\13_ddr3_ov5640_hdmi\source\sources_1\frame_read_write.v -lib work C:\Users\Dande\Desktop\13_ddr3_ov5640_hdmi\source\sources_1\video_timing_data.v -lib work C:\Users\Dande\Desktop\13_ddr3_ov5640_hdmi\source\sources_1\video_define.v -lib work C:\Users\Dande\Desktop\13_ddr3_ov5640_hdmi\source\rtl\ipsl_ddrc_apb_reset.v -lib work C:\Users\Dande\Desktop\13_ddr3_ov5640_hdmi\source\rtl\ipsl_ddrc_reset_ctrl.v -lib work C:\Users\Dande\Desktop\13_ddr3_ov5640_hdmi\source\rtl\ipsl_ddrphy_dll_update_ctrl.v -lib work C:\Users\Dande\Desktop\13_ddr3_ov5640_hdmi\source\rtl\ipsl_ddrphy_reset_ctrl.v -lib work C:\Users\Dande\Desktop\13_ddr3_ov5640_hdmi\source\rtl\ipsl_ddrphy_training_ctrl.v -lib work C:\Users\Dande\Desktop\13_ddr3_ov5640_hdmi\source\rtl\ipsl_ddrphy_update_ctrl.v -lib work C:\Users\Dande\Desktop\13_ddr3_ov5640_hdmi\source\rtl\ipsl_hmemc_ddrc_top.v -lib work C:\Users\Dande\Desktop\13_ddr3_ov5640_hdmi\source\rtl\ipsl_hmemc_phy_top.v -lib work C:\Users\Dande\Desktop\13_ddr3_ov5640_hdmi\source\rtl\ipsl_phy_io.v -lib work C:\Users\Dande\Desktop\13_ddr3_ov5640_hdmi\source\pll\pll_50_400.v -lib work C:\Users\Dande\Desktop\13_ddr3_ov5640_hdmi\source\ddr3\ddr3.v -lib work C:\Users\Dande\Desktop\13_ddr3_ov5640_hdmi\source\i2c_master\i2c_master_defines.v -lib work C:\Users\Dande\Desktop\13_ddr3_ov5640_hdmi\source\Dynamo\clk_5hz.v -lib work C:\Users\Dande\Desktop\13_ddr3_ov5640_hdmi\source\Dynamo\clk_10hz.v -lib work C:\Users\Dande\Desktop\13_ddr3_ov5640_hdmi\source\Dynamo\Controller.v -lib work C:\Users\Dande\Desktop\13_ddr3_ov5640_hdmi\source\Dynamo\Count_pulse.v -lib work C:\Users\Dande\Desktop\13_ddr3_ov5640_hdmi\source\Dynamo\Frequency_divider_dynamic_scanning.v -lib work C:\Users\Dande\Desktop\13_ddr3_ov5640_hdmi\source\Dynamo\keyboard_buffer.v -lib work C:\Users\Dande\Desktop\13_ddr3_ov5640_hdmi\source\Dynamo\keyboard_encoder.v -lib work C:\Users\Dande\Desktop\13_ddr3_ov5640_hdmi\source\Dynamo\Nixie_Light_Display.v -lib work C:\Users\Dande\Desktop\13_ddr3_ov5640_hdmi\source\Dynamo\Pulse.v -lib work C:\Users\Dande\Desktop\13_ddr3_ov5640_hdmi\source\Dynamo\pulse_zhuanghuan.v -lib work C:\Users\Dande\Desktop\13_ddr3_ov5640_hdmi\source\Dynamo\seven_decode_control.v -lib work C:\Users\Dande\Desktop\13_ddr3_ov5640_hdmi\ipcore\afifo_16i_64o_512\rtl\ipml_fifo_v1_3_afifo_16i_64o_512.v -lib work C:\Users\Dande\Desktop\13_ddr3_ov5640_hdmi\ipcore\afifo_64i_16o_128\rtl\ipml_fifo_v1_3_afifo_64i_16o_128.v -lib work C:\Users\Dande\Desktop\13_ddr3_ov5640_hdmi\ipcore\afifo_64i_16o_128\afifo_64i_16o_128.v -lib work C:\Users\Dande\Desktop\13_ddr3_ov5640_hdmi\ipcore\afifo_16i_64o_512\afifo_16i_64o_512.v -lib work C:\Users\Dande\Desktop\13_ddr3_ov5640_hdmi\ipcore\clk_200M\clk_200M.v -lib work C:\Users\Dande\Desktop\13_ddr3_ov5640_hdmi\ipcore\video_pll\video_pll.v -lib work C:\Users\Dande\Desktop\13_ddr3_ov5640_hdmi\ipcore\afifo_16i_64o_512\rtl\ipml_fifo_ctrl_v1_3.v -lib work C:\Users\Dande\Desktop\13_ddr3_ov5640_hdmi\ipcore\afifo_16i_64o_512\rtl\ipml_sdpram_v1_3_afifo_16i_64o_512.v -lib work C:\Users\Dande\Desktop\13_ddr3_ov5640_hdmi\ipcore\afifo_64i_16o_128\rtl\ipml_sdpram_v1_3_afifo_64i_16o_128.v  -jobname  "compiler" 
relcom:D:\astudy\FPGA_ziguang\PDS_2019.1-patch10\syn\bin64\c_hdl.exe -osyn ..\synwork\synplify_comp.srs -top top -hdllog ..\synlog\synplify_compiler.srr -encrypt -mp 1 -verification_mode 0 -verilog -prodtype synplify_pro -primux -fixsmult -sdff_counter -dspmac -nram -divnmod -nostructver -I ..\..\..\..\13_ddr3_ov5640_hdmi -I ..\..\ -I D:\astudy\FPGA_ziguang\PDS_2019.1-patch10\syn\lib -v2001 -devicelib D:\astudy\FPGA_ziguang\PDS_2019.1-patch10\syn\lib\generic\logos.v -encrypt -pro -dmgen ..\dm -ui -fid2 -ram -sharing on -ll 2000 -autosm -D_MULTIPLE_FILE_COMPILATION_UNIT_ -lib work ..\..\..\source\i2c_master\i2c_config.v -lib work ..\..\..\source\i2c_master\i2c_master_bit_ctrl.v -lib work ..\..\..\source\i2c_master\i2c_master_byte_ctrl.v -lib work ..\..\..\source\i2c_master\i2c_master_top.v -lib work ..\..\..\source\sources_1\cmos_8_16bit.v -lib work ..\..\..\source\sources_1\cmos_write_req_gen.v -lib work ..\..\..\source\sources_1\lut_ov5640_rgb565_1024_768.v -lib work ..\..\..\source\sources_1\top.v -lib work ..\..\..\source\dvi_tx\dvi_encoder.v -lib work ..\..\..\source\dvi_tx\encode.v -lib work ..\..\..\source\dvi_tx\serdes_4b_10to1.v -lib work ..\..\..\source\sources_1\aq_axi_master.v -lib work ..\..\..\source\sources_1\color_bar.v -lib work ..\..\..\source\sources_1\frame_fifo_read.v -lib work ..\..\..\source\sources_1\frame_fifo_write.v -lib work ..\..\..\source\sources_1\frame_read_write.v -lib work ..\..\..\source\sources_1\video_timing_data.v -lib work ..\..\..\source\sources_1\video_define.v -lib work ..\..\..\source\rtl\ipsl_ddrc_apb_reset.v -lib work ..\..\..\source\rtl\ipsl_ddrc_reset_ctrl.v -lib work ..\..\..\source\rtl\ipsl_ddrphy_dll_update_ctrl.v -lib work ..\..\..\source\rtl\ipsl_ddrphy_reset_ctrl.v -lib work ..\..\..\source\rtl\ipsl_ddrphy_training_ctrl.v -lib work ..\..\..\source\rtl\ipsl_ddrphy_update_ctrl.v -lib work ..\..\..\source\rtl\ipsl_hmemc_ddrc_top.v -lib work ..\..\..\source\rtl\ipsl_hmemc_phy_top.v -lib work ..\..\..\source\rtl\ipsl_phy_io.v -lib work ..\..\..\source\pll\pll_50_400.v -lib work ..\..\..\source\ddr3\ddr3.v -lib work ..\..\..\source\i2c_master\i2c_master_defines.v -lib work ..\..\..\source\Dynamo\clk_5hz.v -lib work ..\..\..\source\Dynamo\clk_10hz.v -lib work ..\..\..\source\Dynamo\Controller.v -lib work ..\..\..\source\Dynamo\Count_pulse.v -lib work ..\..\..\source\Dynamo\Frequency_divider_dynamic_scanning.v -lib work ..\..\..\source\Dynamo\keyboard_buffer.v -lib work ..\..\..\source\Dynamo\keyboard_encoder.v -lib work ..\..\..\source\Dynamo\Nixie_Light_Display.v -lib work ..\..\..\source\Dynamo\Pulse.v -lib work ..\..\..\source\Dynamo\pulse_zhuanghuan.v -lib work ..\..\..\source\Dynamo\seven_decode_control.v -lib work ..\..\..\ipcore\afifo_16i_64o_512\rtl\ipml_fifo_v1_3_afifo_16i_64o_512.v -lib work ..\..\..\ipcore\afifo_64i_16o_128\rtl\ipml_fifo_v1_3_afifo_64i_16o_128.v -lib work ..\..\..\ipcore\afifo_64i_16o_128\afifo_64i_16o_128.v -lib work ..\..\..\ipcore\afifo_16i_64o_512\afifo_16i_64o_512.v -lib work ..\..\..\ipcore\clk_200M\clk_200M.v -lib work ..\..\..\ipcore\video_pll\video_pll.v -lib work ..\..\..\ipcore\afifo_16i_64o_512\rtl\ipml_fifo_ctrl_v1_3.v -lib work ..\..\..\ipcore\afifo_16i_64o_512\rtl\ipml_sdpram_v1_3_afifo_16i_64o_512.v -lib work ..\..\..\ipcore\afifo_64i_16o_128\rtl\ipml_sdpram_v1_3_afifo_64i_16o_128.v -jobname "compiler"
rc:0 success:1 runtime:24
file:..\synwork\synplify_comp.srs|io:o|time:1574605574|size:223379|exec:0|csum:
file:..\synlog\synplify_compiler.srr|io:o|time:1574605574|size:208575|exec:0|csum:
file:D:\astudy\FPGA_ziguang\PDS_2019.1-patch10\syn\lib\generic\logos.v|io:i|time:1560399402|size:73977|exec:0|csum:0F694CCE00C871AA3CE054485C4AE5EF
file:..\..\..\source\i2c_master\i2c_config.v|io:i|time:1573310466|size:5095|exec:0|csum:C2BF1809BD46A834763F0DFC26ECD59F
file:..\..\..\source\i2c_master\i2c_master_bit_ctrl.v|io:i|time:1500957176|size:21121|exec:0|csum:B1FF012CC75F27D1E9F26BBD0273E1A2
file:..\..\..\source\i2c_master\i2c_master_byte_ctrl.v|io:i|time:1500957176|size:10547|exec:0|csum:B0B9EB5B628C41B59B96FF195835FB67
file:..\..\..\source\i2c_master\i2c_master_top.v|io:i|time:1500957176|size:9301|exec:0|csum:647ECF79BA99735396880BFD35819DA1
file:..\..\..\source\sources_1\cmos_8_16bit.v|io:i|time:1500957176|size:3075|exec:0|csum:3FB7CE0C3E5074CD5485D2A78B00EC1B
file:..\..\..\source\sources_1\cmos_write_req_gen.v|io:i|time:1500957176|size:3320|exec:0|csum:34FBDCD7F0A9894BEDDF9C72EB37DECA
file:..\..\..\source\sources_1\lut_ov5640_rgb565_1024_768.v|io:i|time:1573822206|size:20999|exec:0|csum:AB1C56025DDCF50A98AEFF49D8B3A33F
file:..\..\..\source\sources_1\top.v|io:i|time:1574605463|size:28925|exec:0|csum:F04FE3DED47CD3D72063FAF3770DC654
file:..\..\..\source\dvi_tx\dvi_encoder.v|io:i|time:1573035212|size:2098|exec:0|csum:F19746FEF50EF30E1D4646AE7B248092
file:..\..\..\source\dvi_tx\encode.v|io:i|time:1216887230|size:7601|exec:0|csum:E3EC75293CD61BCD33C453AD1EEBAB49
file:..\..\..\source\dvi_tx\serdes_4b_10to1.v|io:i|time:1557130518|size:15654|exec:0|csum:02DD2DA52DD96866786AE2A70D824A50
file:..\..\..\source\sources_1\aq_axi_master.v|io:i|time:1519870618|size:12975|exec:0|csum:7D498317A4A60434015DC02CA3946EDB
file:..\..\..\source\sources_1\color_bar.v|io:i|time:1500957176|size:11430|exec:0|csum:57F93D3C2CE28AF53F110F1ADAE2E2BB
file:..\..\..\source\sources_1\frame_fifo_read.v|io:i|time:1515573378|size:10538|exec:0|csum:E7D4872784417EC270C6225C0159309F
file:..\..\..\source\sources_1\frame_fifo_write.v|io:i|time:1500957176|size:10287|exec:0|csum:C9DBD1DEE14694F15D24206FEDFEDCEC
file:..\..\..\source\sources_1\frame_read_write.v|io:i|time:1557221672|size:11128|exec:0|csum:E64F1E8A9F936F151B2FAA360DA1D2BE
file:..\..\..\source\sources_1\video_timing_data.v|io:i|time:1500957176|size:4466|exec:0|csum:5A7C2789A527397587CB6D90EA16E992
file:..\..\..\source\sources_1\video_define.v|io:i|time:1573126470|size:22|exec:0|csum:D013A4D801777CDB6720FE10A6E31ADC
file:..\..\..\source\rtl\ipsl_ddrc_apb_reset.v|io:i|time:1557044302|size:21213|exec:0|csum:B5F20EDB18C48394DAB0E40BB61D41DB
file:..\..\..\source\rtl\ipsl_ddrc_reset_ctrl.v|io:i|time:1557044302|size:8145|exec:0|csum:75E2F9AD0A3DDC4DEA2DC01768EE1D27
file:..\..\..\source\rtl\ipsl_ddrphy_dll_update_ctrl.v|io:i|time:1557044302|size:2601|exec:0|csum:D006FE3FA3CE9AFD674B99FE6613F651
file:..\..\..\source\rtl\ipsl_ddrphy_reset_ctrl.v|io:i|time:1557044302|size:5809|exec:0|csum:BC35A01AF35AE3AB98A354AB0278BD18
file:..\..\..\source\rtl\ipsl_ddrphy_training_ctrl.v|io:i|time:1557044302|size:1923|exec:0|csum:4B2D243A09AA061CFF49080B34D8CA4C
file:..\..\..\source\rtl\ipsl_ddrphy_update_ctrl.v|io:i|time:1557044302|size:11276|exec:0|csum:D3A4F367CAF85A1F51F82F47451D783F
file:..\..\..\source\rtl\ipsl_hmemc_ddrc_top.v|io:i|time:1557044302|size:28226|exec:0|csum:FE1026074B8E39B5078033D2C0D04BDA
file:..\..\..\source\rtl\ipsl_hmemc_phy_top.v|io:i|time:1557044302|size:21008|exec:0|csum:F678A11A71D003B7710BE79654A97ED9
file:..\..\..\source\rtl\ipsl_phy_io.v|io:i|time:1557044302|size:126382|exec:0|csum:174604B5E79F4374830E528E1C258012
file:..\..\..\source\pll\pll_50_400.v|io:i|time:1557109270|size:10254|exec:0|csum:BD6CC6F6AF292EB6446485002C03653E
file:..\..\..\source\ddr3\ddr3.v|io:i|time:1557109270|size:38606|exec:0|csum:7AA751AB553345E3625CA745E0683C99
file:..\..\..\source\i2c_master\i2c_master_defines.v|io:i|time:1500957176|size:3011|exec:0|csum:B220B22DEDEF9E43DFB5DA4E81D7559B
file:..\..\..\source\Dynamo\clk_5hz.v|io:i|time:1559721962|size:429|exec:0|csum:908A1E4BCDAFBF64734A81216932EFA1
file:..\..\..\source\Dynamo\clk_10hz.v|io:i|time:1559721928|size:436|exec:0|csum:0E88A2B6D96092505480E21FBC2845FA
file:..\..\..\source\Dynamo\Controller.v|io:i|time:1564015770|size:16712|exec:0|csum:395CBDEA857FCCBD0FB2811B4B260997
file:..\..\..\source\Dynamo\Count_pulse.v|io:i|time:1563978814|size:1676|exec:0|csum:7932B408BD0D847B40F78B4C4ABEC8DC
file:..\..\..\source\Dynamo\Frequency_divider_dynamic_scanning.v|io:i|time:1559914858|size:455|exec:0|csum:9C3EF9E803DE745E9F4E6949CDF0BDAC
file:..\..\..\source\Dynamo\keyboard_buffer.v|io:i|time:1559918256|size:3603|exec:0|csum:3DC1A2E62E1B4DAC0A301E6BD7B3E68C
file:..\..\..\source\Dynamo\keyboard_encoder.v|io:i|time:1559914866|size:4868|exec:0|csum:68B3C865FEDC444389B46620C297C80B
file:..\..\..\source\Dynamo\Nixie_Light_Display.v|io:i|time:1559914840|size:718|exec:0|csum:68EB0947064CC4A822B361370A4720D6
file:..\..\..\source\Dynamo\Pulse.v|io:i|time:1561946586|size:1268|exec:0|csum:CFD2DB7B4014281F83435FF45F4AAB2D
file:..\..\..\source\Dynamo\pulse_zhuanghuan.v|io:i|time:1570970336|size:346|exec:0|csum:71B1BFFFC8CD1344B3BD0A0534C2E923
file:..\..\..\source\Dynamo\seven_decode_control.v|io:i|time:1559914848|size:1308|exec:0|csum:12B13207E126CB37708E3169E664407D
file:..\..\..\ipcore\afifo_16i_64o_512\rtl\ipml_fifo_v1_3_afifo_16i_64o_512.v|io:i|time:1557221446|size:7501|exec:0|csum:39965F99C9628CE9F9C461DB89CC47FD
file:..\..\..\ipcore\afifo_64i_16o_128\rtl\ipml_fifo_v1_3_afifo_64i_16o_128.v|io:i|time:1557221642|size:7501|exec:0|csum:702D30ADDD2952F70F494435EBE90949
file:..\..\..\ipcore\afifo_64i_16o_128\afifo_64i_16o_128.v|io:i|time:1557221642|size:9042|exec:0|csum:616E356439026EA6C7182FC9C3280E98
file:..\..\..\ipcore\afifo_16i_64o_512\afifo_16i_64o_512.v|io:i|time:1557221446|size:9043|exec:0|csum:A217C9B5D548764DC26831DA8D614D22
file:..\..\..\ipcore\clk_200M\clk_200M.v|io:i|time:1557221810|size:10273|exec:0|csum:121403EC386EF4D3D53C53D384353EEB
file:..\..\..\ipcore\video_pll\video_pll.v|io:i|time:1557224204|size:10309|exec:0|csum:A7E61E13D87F016612D307603EAF49BC
file:..\..\..\ipcore\afifo_16i_64o_512\rtl\ipml_fifo_ctrl_v1_3.v|io:i|time:1554698300|size:14240|exec:0|csum:51CB75724E41F3DB8E92AD03D12FE437
file:..\..\..\ipcore\afifo_16i_64o_512\rtl\ipml_sdpram_v1_3_afifo_16i_64o_512.v|io:i|time:1557221446|size:90133|exec:0|csum:9851E3DBFFE548D566BED441888A42E9
file:..\..\..\ipcore\afifo_64i_16o_128\rtl\ipml_sdpram_v1_3_afifo_64i_16o_128.v|io:i|time:1557221642|size:90133|exec:0|csum:12134068BA271AAAFC8834572C0F5FCC
file:D:\astudy\FPGA_ziguang\PDS_2019.1-patch10\syn\bin64\c_hdl.exe|io:i|time:1560399396|size:5727744|exec:1|csum:F9958564D086E90A0884A2C881651C5A
